-------------------------------------------------------------------------------
Test set: nl.uva.bromance.grammar.FormGrammarTest
-------------------------------------------------------------------------------
Tests run: 5, Failures: 0, Errors: 2, Skipped: 0, Time elapsed: 0 sec <<< FAILURE!
multipleForms(nl.uva.bromance.grammar.FormGrammarTest)  Time elapsed: 0 sec  <<< ERROR!
nl.uva.bromance.listeners.GrammarErrorListener$SyntaxError: [@8,73:77='Text:',<6>,4:11] SyntaxError @ line: 4:11 missing '{' at 'Text:'
	at nl.uva.bromance.listeners.GrammarErrorListener.syntaxError(GrammarErrorListener.java:15)
	at org.antlr.v4.runtime.ProxyErrorListener.syntaxError(ProxyErrorListener.java:65)
	at org.antlr.v4.runtime.Parser.notifyErrorListeners(Parser.java:558)
	at org.antlr.v4.runtime.DefaultErrorStrategy.reportMissingToken(DefaultErrorStrategy.java:409)
	at org.antlr.v4.runtime.DefaultErrorStrategy.singleTokenInsertion(DefaultErrorStrategy.java:512)
	at org.antlr.v4.runtime.DefaultErrorStrategy.recoverInline(DefaultErrorStrategy.java:476)
	at org.antlr.v4.runtime.Parser.match(Parser.java:221)
	at nl.uva.bromance.parsers.QLParser.labelBody(QLParser.java:1380)
	at nl.uva.bromance.parsers.QLParser.label(QLParser.java:1338)
	at nl.uva.bromance.parsers.QLParser.formBody(QLParser.java:334)
	at nl.uva.bromance.parsers.QLParser.form(QLParser.java:244)
	at nl.uva.bromance.parsers.QLParser.questionnaireBody(QLParser.java:191)
	at nl.uva.bromance.parsers.QLParser.questionnaire(QLParser.java:140)
	at nl.uva.bromance.grammar.GrammarTest.createTree(GrammarTest.java:41)
	at nl.uva.bromance.grammar.FormGrammarTest.multipleForms(FormGrammarTest.java:64)
	at sun.reflect.NativeMethodAccessorImpl.invoke0(Native Method)
	at sun.reflect.NativeMethodAccessorImpl.invoke(NativeMethodAccessorImpl.java:62)
	at sun.reflect.DelegatingMethodAccessorImpl.invoke(DelegatingMethodAccessorImpl.java:43)
	at java.lang.reflect.Method.invoke(Method.java:483)
	at org.junit.runners.model.FrameworkMethod$1.runReflectiveCall(FrameworkMethod.java:50)
	at org.junit.internal.runners.model.ReflectiveCallable.run(ReflectiveCallable.java:12)
	at org.junit.runners.model.FrameworkMethod.invokeExplosively(FrameworkMethod.java:47)
	at org.junit.internal.runners.statements.InvokeMethod.evaluate(InvokeMethod.java:17)
	at org.junit.internal.runners.statements.RunBefores.evaluate(RunBefores.java:26)
	at org.junit.rules.ExpectedException$ExpectedExceptionStatement.evaluate(ExpectedException.java:239)
	at org.junit.rules.RunRules.evaluate(RunRules.java:20)
	at org.junit.runners.ParentRunner.runLeaf(ParentRunner.java:325)
	at org.junit.runners.BlockJUnit4ClassRunner.runChild(BlockJUnit4ClassRunner.java:78)
	at org.junit.runners.BlockJUnit4ClassRunner.runChild(BlockJUnit4ClassRunner.java:57)
	at org.junit.runners.ParentRunner$3.run(ParentRunner.java:290)
	at org.junit.runners.ParentRunner$1.schedule(ParentRunner.java:71)
	at org.junit.runners.ParentRunner.runChildren(ParentRunner.java:288)
	at org.junit.runners.ParentRunner.access$000(ParentRunner.java:58)
	at org.junit.runners.ParentRunner$2.evaluate(ParentRunner.java:268)
	at org.junit.runners.ParentRunner.run(ParentRunner.java:363)
	at org.apache.maven.surefire.junit4.JUnit4Provider.execute(JUnit4Provider.java:252)
	at org.apache.maven.surefire.junit4.JUnit4Provider.executeTestSet(JUnit4Provider.java:141)
	at org.apache.maven.surefire.junit4.JUnit4Provider.invoke(JUnit4Provider.java:112)
	at sun.reflect.NativeMethodAccessorImpl.invoke0(Native Method)
	at sun.reflect.NativeMethodAccessorImpl.invoke(NativeMethodAccessorImpl.java:62)
	at sun.reflect.DelegatingMethodAccessorImpl.invoke(DelegatingMethodAccessorImpl.java:43)
	at java.lang.reflect.Method.invoke(Method.java:483)
	at org.apache.maven.surefire.util.ReflectionUtils.invokeMethodWithArray(ReflectionUtils.java:189)
	at org.apache.maven.surefire.booter.ProviderFactory$ProviderProxy.invoke(ProviderFactory.java:165)
	at org.apache.maven.surefire.booter.ProviderFactory.invokeProvider(ProviderFactory.java:85)
	at org.apache.maven.surefire.booter.ForkedBooter.runSuitesInProcess(ForkedBooter.java:115)
	at org.apache.maven.surefire.booter.ForkedBooter.main(ForkedBooter.java:75)

correctForm(nl.uva.bromance.grammar.FormGrammarTest)  Time elapsed: 0 sec  <<< ERROR!
nl.uva.bromance.listeners.GrammarErrorListener$SyntaxError: [@8,73:77='Text:',<6>,4:11] SyntaxError @ line: 4:11 missing '{' at 'Text:'
	at nl.uva.bromance.listeners.GrammarErrorListener.syntaxError(GrammarErrorListener.java:15)
	at org.antlr.v4.runtime.ProxyErrorListener.syntaxError(ProxyErrorListener.java:65)
	at org.antlr.v4.runtime.Parser.notifyErrorListeners(Parser.java:558)
	at org.antlr.v4.runtime.DefaultErrorStrategy.reportMissingToken(DefaultErrorStrategy.java:409)
	at org.antlr.v4.runtime.DefaultErrorStrategy.singleTokenInsertion(DefaultErrorStrategy.java:512)
	at org.antlr.v4.runtime.DefaultErrorStrategy.recoverInline(DefaultErrorStrategy.java:476)
	at org.antlr.v4.runtime.Parser.match(Parser.java:221)
	at nl.uva.bromance.parsers.QLParser.labelBody(QLParser.java:1380)
	at nl.uva.bromance.parsers.QLParser.label(QLParser.java:1338)
	at nl.uva.bromance.parsers.QLParser.formBody(QLParser.java:334)
	at nl.uva.bromance.parsers.QLParser.form(QLParser.java:244)
	at nl.uva.bromance.parsers.QLParser.questionnaireBody(QLParser.java:191)
	at nl.uva.bromance.parsers.QLParser.questionnaire(QLParser.java:140)
	at nl.uva.bromance.grammar.GrammarTest.createTree(GrammarTest.java:41)
	at nl.uva.bromance.grammar.FormGrammarTest.correctForm(FormGrammarTest.java:16)
	at sun.reflect.NativeMethodAccessorImpl.invoke0(Native Method)
	at sun.reflect.NativeMethodAccessorImpl.invoke(NativeMethodAccessorImpl.java:62)
	at sun.reflect.DelegatingMethodAccessorImpl.invoke(DelegatingMethodAccessorImpl.java:43)
	at java.lang.reflect.Method.invoke(Method.java:483)
	at org.junit.runners.model.FrameworkMethod$1.runReflectiveCall(FrameworkMethod.java:50)
	at org.junit.internal.runners.model.ReflectiveCallable.run(ReflectiveCallable.java:12)
	at org.junit.runners.model.FrameworkMethod.invokeExplosively(FrameworkMethod.java:47)
	at org.junit.internal.runners.statements.InvokeMethod.evaluate(InvokeMethod.java:17)
	at org.junit.internal.runners.statements.RunBefores.evaluate(RunBefores.java:26)
	at org.junit.rules.ExpectedException$ExpectedExceptionStatement.evaluate(ExpectedException.java:239)
	at org.junit.rules.RunRules.evaluate(RunRules.java:20)
	at org.junit.runners.ParentRunner.runLeaf(ParentRunner.java:325)
	at org.junit.runners.BlockJUnit4ClassRunner.runChild(BlockJUnit4ClassRunner.java:78)
	at org.junit.runners.BlockJUnit4ClassRunner.runChild(BlockJUnit4ClassRunner.java:57)
	at org.junit.runners.ParentRunner$3.run(ParentRunner.java:290)
	at org.junit.runners.ParentRunner$1.schedule(ParentRunner.java:71)
	at org.junit.runners.ParentRunner.runChildren(ParentRunner.java:288)
	at org.junit.runners.ParentRunner.access$000(ParentRunner.java:58)
	at org.junit.runners.ParentRunner$2.evaluate(ParentRunner.java:268)
	at org.junit.runners.ParentRunner.run(ParentRunner.java:363)
	at org.apache.maven.surefire.junit4.JUnit4Provider.execute(JUnit4Provider.java:252)
	at org.apache.maven.surefire.junit4.JUnit4Provider.executeTestSet(JUnit4Provider.java:141)
	at org.apache.maven.surefire.junit4.JUnit4Provider.invoke(JUnit4Provider.java:112)
	at sun.reflect.NativeMethodAccessorImpl.invoke0(Native Method)
	at sun.reflect.NativeMethodAccessorImpl.invoke(NativeMethodAccessorImpl.java:62)
	at sun.reflect.DelegatingMethodAccessorImpl.invoke(DelegatingMethodAccessorImpl.java:43)
	at java.lang.reflect.Method.invoke(Method.java:483)
	at org.apache.maven.surefire.util.ReflectionUtils.invokeMethodWithArray(ReflectionUtils.java:189)
	at org.apache.maven.surefire.booter.ProviderFactory$ProviderProxy.invoke(ProviderFactory.java:165)
	at org.apache.maven.surefire.booter.ProviderFactory.invokeProvider(ProviderFactory.java:85)
	at org.apache.maven.surefire.booter.ForkedBooter.runSuitesInProcess(ForkedBooter.java:115)
	at org.apache.maven.surefire.booter.ForkedBooter.main(ForkedBooter.java:75)

