-------------------------------------------------------------------------------
Test set: nl.uva.bromance.GrammarTest
-------------------------------------------------------------------------------
Tests run: 25, Failures: 0, Errors: 1, Skipped: 0, Time elapsed: 0.011 sec <<< FAILURE!
correctCalculation(nl.uva.bromance.GrammarTest)  Time elapsed: 0.001 sec  <<< ERROR!
nl.uva.bromance.listeners.GrammarErrorListener$SyntaxError: null SyntaxError @ line: 3:14 token recognition error at: '"{}}}'
	at nl.uva.bromance.listeners.GrammarErrorListener.syntaxError(GrammarErrorListener.java:15)
	at org.antlr.v4.runtime.ProxyErrorListener.syntaxError(ProxyErrorListener.java:65)
	at org.antlr.v4.runtime.Lexer.notifyListeners(Lexer.java:386)
	at org.antlr.v4.runtime.Lexer.nextToken(Lexer.java:168)
	at org.antlr.v4.runtime.BufferedTokenStream.fetch(BufferedTokenStream.java:186)
	at org.antlr.v4.runtime.BufferedTokenStream.sync(BufferedTokenStream.java:169)
	at org.antlr.v4.runtime.BufferedTokenStream.consume(BufferedTokenStream.java:153)
	at org.antlr.v4.runtime.Parser.consume(Parser.java:585)
	at org.antlr.v4.runtime.Parser.match(Parser.java:218)
	at nl.uva.bromance.parsers.QLParser.calculation(QLParser.java:904)
	at nl.uva.bromance.parsers.QLParser.formBody(QLParser.java:322)
	at nl.uva.bromance.parsers.QLParser.form(QLParser.java:244)
	at nl.uva.bromance.parsers.QLParser.questionnaireBody(QLParser.java:191)
	at nl.uva.bromance.parsers.QLParser.questionnaire(QLParser.java:140)
	at nl.uva.bromance.GrammarTest.createTree(GrammarTest.java:343)
	at nl.uva.bromance.GrammarTest.correctCalculation(GrammarTest.java:332)
	at sun.reflect.NativeMethodAccessorImpl.invoke0(Native Method)
	at sun.reflect.NativeMethodAccessorImpl.invoke(NativeMethodAccessorImpl.java:62)
	at sun.reflect.DelegatingMethodAccessorImpl.invoke(DelegatingMethodAccessorImpl.java:43)
	at java.lang.reflect.Method.invoke(Method.java:483)
	at org.junit.runners.model.FrameworkMethod$1.runReflectiveCall(FrameworkMethod.java:50)
	at org.junit.internal.runners.model.ReflectiveCallable.run(ReflectiveCallable.java:12)
	at org.junit.runners.model.FrameworkMethod.invokeExplosively(FrameworkMethod.java:47)
	at org.junit.internal.runners.statements.InvokeMethod.evaluate(InvokeMethod.java:17)
	at org.junit.internal.runners.statements.RunBefores.evaluate(RunBefores.java:26)
	at org.junit.runners.ParentRunner.runLeaf(ParentRunner.java:325)
	at org.junit.runners.BlockJUnit4ClassRunner.runChild(BlockJUnit4ClassRunner.java:78)
	at org.junit.runners.BlockJUnit4ClassRunner.runChild(BlockJUnit4ClassRunner.java:57)
	at org.junit.runners.ParentRunner$3.run(ParentRunner.java:290)
	at org.junit.runners.ParentRunner$1.schedule(ParentRunner.java:71)
	at org.junit.runners.ParentRunner.runChildren(ParentRunner.java:288)
	at org.junit.runners.ParentRunner.access$000(ParentRunner.java:58)
	at org.junit.runners.ParentRunner$2.evaluate(ParentRunner.java:268)
	at org.junit.runners.ParentRunner.run(ParentRunner.java:363)
	at org.apache.maven.surefire.junit4.JUnit4Provider.execute(JUnit4Provider.java:252)
	at org.apache.maven.surefire.junit4.JUnit4Provider.executeTestSet(JUnit4Provider.java:141)
	at org.apache.maven.surefire.junit4.JUnit4Provider.invoke(JUnit4Provider.java:112)
	at sun.reflect.NativeMethodAccessorImpl.invoke0(Native Method)
	at sun.reflect.NativeMethodAccessorImpl.invoke(NativeMethodAccessorImpl.java:62)
	at sun.reflect.DelegatingMethodAccessorImpl.invoke(DelegatingMethodAccessorImpl.java:43)
	at java.lang.reflect.Method.invoke(Method.java:483)
	at org.apache.maven.surefire.util.ReflectionUtils.invokeMethodWithArray(ReflectionUtils.java:189)
	at org.apache.maven.surefire.booter.ProviderFactory$ProviderProxy.invoke(ProviderFactory.java:165)
	at org.apache.maven.surefire.booter.ProviderFactory.invokeProvider(ProviderFactory.java:85)
	at org.apache.maven.surefire.booter.ForkedBooter.runSuitesInProcess(ForkedBooter.java:115)
	at org.apache.maven.surefire.booter.ForkedBooter.main(ForkedBooter.java:75)

