<?xml version="1.0" encoding="UTF-8" ?>
<testsuite tests="15" failures="0" name="nl.uva.bromance.grammar.IfSequenceGrammarTest" time="0.001" errors="0" skipped="0">
  <properties>
[...]
</properties>
  <testcase classname="nl.uva.bromance.grammar.IfSequenceGrammarTest" name="elseWithoutBodyContent" time="0"/>
  <testcase classname="nl.uva.bromance.grammar.IfSequenceGrammarTest" name="elseIfWithoutBodyContents" time="0"/>
  <testcase classname="nl.uva.bromance.grammar.IfSequenceGrammarTest" name="malformedIfStatementBody" time="0"/>
  <testcase classname="nl.uva.bromance.grammar.IfSequenceGrammarTest" name="ifStatementWithoutBodyContents" time="0"/>
  <testcase classname="nl.uva.bromance.grammar.IfSequenceGrammarTest" name="ifStatementHasNoExpression" time="0"/>
  <testcase classname="nl.uva.bromance.grammar.IfSequenceGrammarTest" name="correctElseIf" time="0"/>
  <testcase classname="nl.uva.bromance.grammar.IfSequenceGrammarTest" name="multipleCorrectElseIf" time="0.001"/>
  <testcase classname="nl.uva.bromance.grammar.IfSequenceGrammarTest" name="elseIfWithoutExpression" time="0"/>
  <testcase classname="nl.uva.bromance.grammar.IfSequenceGrammarTest" name="correctIfStatement" time="0"/>
  <testcase classname="nl.uva.bromance.grammar.IfSequenceGrammarTest" name="elseWithoutPrecedingIf" time="0"/>
  <testcase classname="nl.uva.bromance.grammar.IfSequenceGrammarTest" name="elseStatementWithoutBodyContents" time="0"/>
  <testcase classname="nl.uva.bromance.grammar.IfSequenceGrammarTest" name="elseIfStatementWithoutPrecedingIfStatement" time="0"/>
  <testcase classname="nl.uva.bromance.grammar.IfSequenceGrammarTest" name="multipleIfStatements" time="0"/>
  <testcase classname="nl.uva.bromance.grammar.IfSequenceGrammarTest" name="correctElse" time="0"/>
  <testcase classname="nl.uva.bromance.grammar.IfSequenceGrammarTest" name="malformedElseStatement" time="0"/>
</testsuite>