<?xml version="1.0" encoding="UTF-8" ?>
<testsuite tests="10" failures="0" name="nl.uva.bromance.grammar.IfSequenceTest" time="0.007" errors="6" skipped="0">
  <properties>
[...]
</properties>
  <testcase classname="nl.uva.bromance.grammar.IfSequenceTest" name="ifStatementAndMultipleElseIfStatementWithoutBodyContents" time="0.001">
    <error message="[@9,56:56=&apos;}&apos;,&lt;3&gt;,4:19] SyntaxError @ line: 4:19 mismatched input &apos;}&apos; expecting {&apos;Question:&apos;, &apos;Text:&apos;, &apos;Calculation:&apos;, &apos;Input:&apos;}" type="nl.uva.bromance.listeners.GrammarErrorListener$SyntaxError">nl.uva.bromance.listeners.GrammarErrorListener$SyntaxError: [@9,56:56=&apos;}&apos;,&lt;3&gt;,4:19] SyntaxError @ line: 4:19 mismatched input &apos;}&apos; expecting {&apos;Question:&apos;, &apos;Text:&apos;, &apos;Calculation:&apos;, &apos;Input:&apos;}
	at nl.uva.bromance.listeners.GrammarErrorListener.syntaxError(GrammarErrorListener.java:15)
	at org.antlr.v4.runtime.ProxyErrorListener.syntaxError(ProxyErrorListener.java:65)
	at org.antlr.v4.runtime.Parser.notifyErrorListeners(Parser.java:558)
	at org.antlr.v4.runtime.DefaultErrorStrategy.reportInputMismatch(DefaultErrorStrategy.java:327)
	at org.antlr.v4.runtime.DefaultErrorStrategy.reportError(DefaultErrorStrategy.java:150)
	at nl.uva.bromance.parsers.QLParser.statementBody(QLParser.java:1298)
	at nl.uva.bromance.parsers.QLParser.ifStatement(QLParser.java:1104)
	at nl.uva.bromance.parsers.QLParser.ifSequence(QLParser.java:1035)
	at nl.uva.bromance.parsers.QLParser.formBody(QLParser.java:328)
	at nl.uva.bromance.parsers.QLParser.form(QLParser.java:244)
	at nl.uva.bromance.parsers.QLParser.questionnaireBody(QLParser.java:191)
	at nl.uva.bromance.parsers.QLParser.questionnaire(QLParser.java:140)
	at nl.uva.bromance.grammar.IfSequenceTest.createTree(IfSequenceTest.java:153)
	at nl.uva.bromance.grammar.IfSequenceTest.ifStatementAndMultipleElseIfStatementWithoutBodyContents(IfSequenceTest.java:102)
	at sun.reflect.NativeMethodAccessorImpl.invoke0(Native Method)
	at sun.reflect.NativeMethodAccessorImpl.invoke(NativeMethodAccessorImpl.java:62)
	at sun.reflect.DelegatingMethodAccessorImpl.invoke(DelegatingMethodAccessorImpl.java:43)
	at java.lang.reflect.Method.invoke(Method.java:483)
	at org.junit.runners.model.FrameworkMethod$1.runReflectiveCall(FrameworkMethod.java:50)
	at org.junit.internal.runners.model.ReflectiveCallable.run(ReflectiveCallable.java:12)
	at org.junit.runners.model.FrameworkMethod.invokeExplosively(FrameworkMethod.java:47)
	at org.junit.internal.runners.statements.InvokeMethod.evaluate(InvokeMethod.java:17)
	at org.junit.internal.runners.statements.RunBefores.evaluate(RunBefores.java:26)
	at org.junit.runners.ParentRunner.runLeaf(ParentRunner.java:325)
	at org.junit.runners.BlockJUnit4ClassRunner.runChild(BlockJUnit4ClassRunner.java:78)
	at org.junit.runners.BlockJUnit4ClassRunner.runChild(BlockJUnit4ClassRunner.java:57)
	at org.junit.runners.ParentRunner$3.run(ParentRunner.java:290)
	at org.junit.runners.ParentRunner$1.schedule(ParentRunner.java:71)
	at org.junit.runners.ParentRunner.runChildren(ParentRunner.java:288)
	at org.junit.runners.ParentRunner.access$000(ParentRunner.java:58)
	at org.junit.runners.ParentRunner$2.evaluate(ParentRunner.java:268)
	at org.junit.runners.ParentRunner.run(ParentRunner.java:363)
	at org.apache.maven.surefire.junit4.JUnit4Provider.execute(JUnit4Provider.java:252)
	at org.apache.maven.surefire.junit4.JUnit4Provider.executeTestSet(JUnit4Provider.java:141)
	at org.apache.maven.surefire.junit4.JUnit4Provider.invoke(JUnit4Provider.java:112)
	at sun.reflect.NativeMethodAccessorImpl.invoke0(Native Method)
	at sun.reflect.NativeMethodAccessorImpl.invoke(NativeMethodAccessorImpl.java:62)
	at sun.reflect.DelegatingMethodAccessorImpl.invoke(DelegatingMethodAccessorImpl.java:43)
	at java.lang.reflect.Method.invoke(Method.java:483)
	at org.apache.maven.surefire.util.ReflectionUtils.invokeMethodWithArray(ReflectionUtils.java:189)
	at org.apache.maven.surefire.booter.ProviderFactory$ProviderProxy.invoke(ProviderFactory.java:165)
	at org.apache.maven.surefire.booter.ProviderFactory.invokeProvider(ProviderFactory.java:85)
	at org.apache.maven.surefire.booter.ForkedBooter.runSuitesInProcess(ForkedBooter.java:115)
	at org.apache.maven.surefire.booter.ForkedBooter.main(ForkedBooter.java:75)
</error>
  </testcase>
  <testcase classname="nl.uva.bromance.grammar.IfSequenceTest" name="formContainsMultipleIfStatementWithoutBodyContents" time="0.001">
    <error message="[@9,56:56=&apos;}&apos;,&lt;3&gt;,4:19] SyntaxError @ line: 4:19 mismatched input &apos;}&apos; expecting {&apos;Question:&apos;, &apos;Text:&apos;, &apos;Calculation:&apos;, &apos;Input:&apos;}" type="nl.uva.bromance.listeners.GrammarErrorListener$SyntaxError">nl.uva.bromance.listeners.GrammarErrorListener$SyntaxError: [@9,56:56=&apos;}&apos;,&lt;3&gt;,4:19] SyntaxError @ line: 4:19 mismatched input &apos;}&apos; expecting {&apos;Question:&apos;, &apos;Text:&apos;, &apos;Calculation:&apos;, &apos;Input:&apos;}
	at nl.uva.bromance.listeners.GrammarErrorListener.syntaxError(GrammarErrorListener.java:15)
	at org.antlr.v4.runtime.ProxyErrorListener.syntaxError(ProxyErrorListener.java:65)
	at org.antlr.v4.runtime.Parser.notifyErrorListeners(Parser.java:558)
	at org.antlr.v4.runtime.DefaultErrorStrategy.reportInputMismatch(DefaultErrorStrategy.java:327)
	at org.antlr.v4.runtime.DefaultErrorStrategy.reportError(DefaultErrorStrategy.java:150)
	at nl.uva.bromance.parsers.QLParser.statementBody(QLParser.java:1298)
	at nl.uva.bromance.parsers.QLParser.ifStatement(QLParser.java:1104)
	at nl.uva.bromance.parsers.QLParser.ifSequence(QLParser.java:1035)
	at nl.uva.bromance.parsers.QLParser.formBody(QLParser.java:328)
	at nl.uva.bromance.parsers.QLParser.form(QLParser.java:244)
	at nl.uva.bromance.parsers.QLParser.questionnaireBody(QLParser.java:191)
	at nl.uva.bromance.parsers.QLParser.questionnaire(QLParser.java:140)
	at nl.uva.bromance.grammar.IfSequenceTest.createTree(IfSequenceTest.java:153)
	at nl.uva.bromance.grammar.IfSequenceTest.formContainsMultipleIfStatementWithoutBodyContents(IfSequenceTest.java:67)
	at sun.reflect.NativeMethodAccessorImpl.invoke0(Native Method)
	at sun.reflect.NativeMethodAccessorImpl.invoke(NativeMethodAccessorImpl.java:62)
	at sun.reflect.DelegatingMethodAccessorImpl.invoke(DelegatingMethodAccessorImpl.java:43)
	at java.lang.reflect.Method.invoke(Method.java:483)
	at org.junit.runners.model.FrameworkMethod$1.runReflectiveCall(FrameworkMethod.java:50)
	at org.junit.internal.runners.model.ReflectiveCallable.run(ReflectiveCallable.java:12)
	at org.junit.runners.model.FrameworkMethod.invokeExplosively(FrameworkMethod.java:47)
	at org.junit.internal.runners.statements.InvokeMethod.evaluate(InvokeMethod.java:17)
	at org.junit.internal.runners.statements.RunBefores.evaluate(RunBefores.java:26)
	at org.junit.runners.ParentRunner.runLeaf(ParentRunner.java:325)
	at org.junit.runners.BlockJUnit4ClassRunner.runChild(BlockJUnit4ClassRunner.java:78)
	at org.junit.runners.BlockJUnit4ClassRunner.runChild(BlockJUnit4ClassRunner.java:57)
	at org.junit.runners.ParentRunner$3.run(ParentRunner.java:290)
	at org.junit.runners.ParentRunner$1.schedule(ParentRunner.java:71)
	at org.junit.runners.ParentRunner.runChildren(ParentRunner.java:288)
	at org.junit.runners.ParentRunner.access$000(ParentRunner.java:58)
	at org.junit.runners.ParentRunner$2.evaluate(ParentRunner.java:268)
	at org.junit.runners.ParentRunner.run(ParentRunner.java:363)
	at org.apache.maven.surefire.junit4.JUnit4Provider.execute(JUnit4Provider.java:252)
	at org.apache.maven.surefire.junit4.JUnit4Provider.executeTestSet(JUnit4Provider.java:141)
	at org.apache.maven.surefire.junit4.JUnit4Provider.invoke(JUnit4Provider.java:112)
	at sun.reflect.NativeMethodAccessorImpl.invoke0(Native Method)
	at sun.reflect.NativeMethodAccessorImpl.invoke(NativeMethodAccessorImpl.java:62)
	at sun.reflect.DelegatingMethodAccessorImpl.invoke(DelegatingMethodAccessorImpl.java:43)
	at java.lang.reflect.Method.invoke(Method.java:483)
	at org.apache.maven.surefire.util.ReflectionUtils.invokeMethodWithArray(ReflectionUtils.java:189)
	at org.apache.maven.surefire.booter.ProviderFactory$ProviderProxy.invoke(ProviderFactory.java:165)
	at org.apache.maven.surefire.booter.ProviderFactory.invokeProvider(ProviderFactory.java:85)
	at org.apache.maven.surefire.booter.ForkedBooter.runSuitesInProcess(ForkedBooter.java:115)
	at org.apache.maven.surefire.booter.ForkedBooter.main(ForkedBooter.java:75)
</error>
  </testcase>
  <testcase classname="nl.uva.bromance.grammar.IfSequenceTest" name="malformedIfStatementBody" time="0"/>
  <testcase classname="nl.uva.bromance.grammar.IfSequenceTest" name="ifStatementHasNoExpression" time="0.001"/>
  <testcase classname="nl.uva.bromance.grammar.IfSequenceTest" name="ifStatementAndElseIfStatementWithoutBodyContents" time="0.001">
    <error message="[@9,56:56=&apos;}&apos;,&lt;3&gt;,4:19] SyntaxError @ line: 4:19 mismatched input &apos;}&apos; expecting {&apos;Question:&apos;, &apos;Text:&apos;, &apos;Calculation:&apos;, &apos;Input:&apos;}" type="nl.uva.bromance.listeners.GrammarErrorListener$SyntaxError">nl.uva.bromance.listeners.GrammarErrorListener$SyntaxError: [@9,56:56=&apos;}&apos;,&lt;3&gt;,4:19] SyntaxError @ line: 4:19 mismatched input &apos;}&apos; expecting {&apos;Question:&apos;, &apos;Text:&apos;, &apos;Calculation:&apos;, &apos;Input:&apos;}
	at nl.uva.bromance.listeners.GrammarErrorListener.syntaxError(GrammarErrorListener.java:15)
	at org.antlr.v4.runtime.ProxyErrorListener.syntaxError(ProxyErrorListener.java:65)
	at org.antlr.v4.runtime.Parser.notifyErrorListeners(Parser.java:558)
	at org.antlr.v4.runtime.DefaultErrorStrategy.reportInputMismatch(DefaultErrorStrategy.java:327)
	at org.antlr.v4.runtime.DefaultErrorStrategy.reportError(DefaultErrorStrategy.java:150)
	at nl.uva.bromance.parsers.QLParser.statementBody(QLParser.java:1298)
	at nl.uva.bromance.parsers.QLParser.ifStatement(QLParser.java:1104)
	at nl.uva.bromance.parsers.QLParser.ifSequence(QLParser.java:1035)
	at nl.uva.bromance.parsers.QLParser.formBody(QLParser.java:328)
	at nl.uva.bromance.parsers.QLParser.form(QLParser.java:244)
	at nl.uva.bromance.parsers.QLParser.questionnaireBody(QLParser.java:191)
	at nl.uva.bromance.parsers.QLParser.questionnaire(QLParser.java:140)
	at nl.uva.bromance.grammar.IfSequenceTest.createTree(IfSequenceTest.java:153)
	at nl.uva.bromance.grammar.IfSequenceTest.ifStatementAndElseIfStatementWithoutBodyContents(IfSequenceTest.java:88)
	at sun.reflect.NativeMethodAccessorImpl.invoke0(Native Method)
	at sun.reflect.NativeMethodAccessorImpl.invoke(NativeMethodAccessorImpl.java:62)
	at sun.reflect.DelegatingMethodAccessorImpl.invoke(DelegatingMethodAccessorImpl.java:43)
	at java.lang.reflect.Method.invoke(Method.java:483)
	at org.junit.runners.model.FrameworkMethod$1.runReflectiveCall(FrameworkMethod.java:50)
	at org.junit.internal.runners.model.ReflectiveCallable.run(ReflectiveCallable.java:12)
	at org.junit.runners.model.FrameworkMethod.invokeExplosively(FrameworkMethod.java:47)
	at org.junit.internal.runners.statements.InvokeMethod.evaluate(InvokeMethod.java:17)
	at org.junit.internal.runners.statements.RunBefores.evaluate(RunBefores.java:26)
	at org.junit.runners.ParentRunner.runLeaf(ParentRunner.java:325)
	at org.junit.runners.BlockJUnit4ClassRunner.runChild(BlockJUnit4ClassRunner.java:78)
	at org.junit.runners.BlockJUnit4ClassRunner.runChild(BlockJUnit4ClassRunner.java:57)
	at org.junit.runners.ParentRunner$3.run(ParentRunner.java:290)
	at org.junit.runners.ParentRunner$1.schedule(ParentRunner.java:71)
	at org.junit.runners.ParentRunner.runChildren(ParentRunner.java:288)
	at org.junit.runners.ParentRunner.access$000(ParentRunner.java:58)
	at org.junit.runners.ParentRunner$2.evaluate(ParentRunner.java:268)
	at org.junit.runners.ParentRunner.run(ParentRunner.java:363)
	at org.apache.maven.surefire.junit4.JUnit4Provider.execute(JUnit4Provider.java:252)
	at org.apache.maven.surefire.junit4.JUnit4Provider.executeTestSet(JUnit4Provider.java:141)
	at org.apache.maven.surefire.junit4.JUnit4Provider.invoke(JUnit4Provider.java:112)
	at sun.reflect.NativeMethodAccessorImpl.invoke0(Native Method)
	at sun.reflect.NativeMethodAccessorImpl.invoke(NativeMethodAccessorImpl.java:62)
	at sun.reflect.DelegatingMethodAccessorImpl.invoke(DelegatingMethodAccessorImpl.java:43)
	at java.lang.reflect.Method.invoke(Method.java:483)
	at org.apache.maven.surefire.util.ReflectionUtils.invokeMethodWithArray(ReflectionUtils.java:189)
	at org.apache.maven.surefire.booter.ProviderFactory$ProviderProxy.invoke(ProviderFactory.java:165)
	at org.apache.maven.surefire.booter.ProviderFactory.invokeProvider(ProviderFactory.java:85)
	at org.apache.maven.surefire.booter.ForkedBooter.runSuitesInProcess(ForkedBooter.java:115)
	at org.apache.maven.surefire.booter.ForkedBooter.main(ForkedBooter.java:75)
</error>
  </testcase>
  <testcase classname="nl.uva.bromance.grammar.IfSequenceTest" name="formContainsElseStatementWithoutBodyContents" time="0"/>
  <testcase classname="nl.uva.bromance.grammar.IfSequenceTest" name="formContainsIfStatementAndElseStatementWithoutBodyContents" time="0.001">
    <error message="[@9,56:56=&apos;}&apos;,&lt;3&gt;,4:19] SyntaxError @ line: 4:19 mismatched input &apos;}&apos; expecting {&apos;Question:&apos;, &apos;Text:&apos;, &apos;Calculation:&apos;, &apos;Input:&apos;}" type="nl.uva.bromance.listeners.GrammarErrorListener$SyntaxError">nl.uva.bromance.listeners.GrammarErrorListener$SyntaxError: [@9,56:56=&apos;}&apos;,&lt;3&gt;,4:19] SyntaxError @ line: 4:19 mismatched input &apos;}&apos; expecting {&apos;Question:&apos;, &apos;Text:&apos;, &apos;Calculation:&apos;, &apos;Input:&apos;}
	at nl.uva.bromance.listeners.GrammarErrorListener.syntaxError(GrammarErrorListener.java:15)
	at org.antlr.v4.runtime.ProxyErrorListener.syntaxError(ProxyErrorListener.java:65)
	at org.antlr.v4.runtime.Parser.notifyErrorListeners(Parser.java:558)
	at org.antlr.v4.runtime.DefaultErrorStrategy.reportInputMismatch(DefaultErrorStrategy.java:327)
	at org.antlr.v4.runtime.DefaultErrorStrategy.reportError(DefaultErrorStrategy.java:150)
	at nl.uva.bromance.parsers.QLParser.statementBody(QLParser.java:1298)
	at nl.uva.bromance.parsers.QLParser.ifStatement(QLParser.java:1104)
	at nl.uva.bromance.parsers.QLParser.ifSequence(QLParser.java:1035)
	at nl.uva.bromance.parsers.QLParser.formBody(QLParser.java:328)
	at nl.uva.bromance.parsers.QLParser.form(QLParser.java:244)
	at nl.uva.bromance.parsers.QLParser.questionnaireBody(QLParser.java:191)
	at nl.uva.bromance.parsers.QLParser.questionnaire(QLParser.java:140)
	at nl.uva.bromance.grammar.IfSequenceTest.createTree(IfSequenceTest.java:153)
	at nl.uva.bromance.grammar.IfSequenceTest.formContainsIfStatementAndElseStatementWithoutBodyContents(IfSequenceTest.java:115)
	at sun.reflect.NativeMethodAccessorImpl.invoke0(Native Method)
	at sun.reflect.NativeMethodAccessorImpl.invoke(NativeMethodAccessorImpl.java:62)
	at sun.reflect.DelegatingMethodAccessorImpl.invoke(DelegatingMethodAccessorImpl.java:43)
	at java.lang.reflect.Method.invoke(Method.java:483)
	at org.junit.runners.model.FrameworkMethod$1.runReflectiveCall(FrameworkMethod.java:50)
	at org.junit.internal.runners.model.ReflectiveCallable.run(ReflectiveCallable.java:12)
	at org.junit.runners.model.FrameworkMethod.invokeExplosively(FrameworkMethod.java:47)
	at org.junit.internal.runners.statements.InvokeMethod.evaluate(InvokeMethod.java:17)
	at org.junit.internal.runners.statements.RunBefores.evaluate(RunBefores.java:26)
	at org.junit.runners.ParentRunner.runLeaf(ParentRunner.java:325)
	at org.junit.runners.BlockJUnit4ClassRunner.runChild(BlockJUnit4ClassRunner.java:78)
	at org.junit.runners.BlockJUnit4ClassRunner.runChild(BlockJUnit4ClassRunner.java:57)
	at org.junit.runners.ParentRunner$3.run(ParentRunner.java:290)
	at org.junit.runners.ParentRunner$1.schedule(ParentRunner.java:71)
	at org.junit.runners.ParentRunner.runChildren(ParentRunner.java:288)
	at org.junit.runners.ParentRunner.access$000(ParentRunner.java:58)
	at org.junit.runners.ParentRunner$2.evaluate(ParentRunner.java:268)
	at org.junit.runners.ParentRunner.run(ParentRunner.java:363)
	at org.apache.maven.surefire.junit4.JUnit4Provider.execute(JUnit4Provider.java:252)
	at org.apache.maven.surefire.junit4.JUnit4Provider.executeTestSet(JUnit4Provider.java:141)
	at org.apache.maven.surefire.junit4.JUnit4Provider.invoke(JUnit4Provider.java:112)
	at sun.reflect.NativeMethodAccessorImpl.invoke0(Native Method)
	at sun.reflect.NativeMethodAccessorImpl.invoke(NativeMethodAccessorImpl.java:62)
	at sun.reflect.DelegatingMethodAccessorImpl.invoke(DelegatingMethodAccessorImpl.java:43)
	at java.lang.reflect.Method.invoke(Method.java:483)
	at org.apache.maven.surefire.util.ReflectionUtils.invokeMethodWithArray(ReflectionUtils.java:189)
	at org.apache.maven.surefire.booter.ProviderFactory$ProviderProxy.invoke(ProviderFactory.java:165)
	at org.apache.maven.surefire.booter.ProviderFactory.invokeProvider(ProviderFactory.java:85)
	at org.apache.maven.surefire.booter.ForkedBooter.runSuitesInProcess(ForkedBooter.java:115)
	at org.apache.maven.surefire.booter.ForkedBooter.main(ForkedBooter.java:75)
</error>
  </testcase>
  <testcase classname="nl.uva.bromance.grammar.IfSequenceTest" name="formContainsIfStatementWithoutBodyContents" time="0.001">
    <error message="[@9,56:56=&apos;}&apos;,&lt;3&gt;,4:19] SyntaxError @ line: 4:19 mismatched input &apos;}&apos; expecting {&apos;Question:&apos;, &apos;Text:&apos;, &apos;Calculation:&apos;, &apos;Input:&apos;}" type="nl.uva.bromance.listeners.GrammarErrorListener$SyntaxError">nl.uva.bromance.listeners.GrammarErrorListener$SyntaxError: [@9,56:56=&apos;}&apos;,&lt;3&gt;,4:19] SyntaxError @ line: 4:19 mismatched input &apos;}&apos; expecting {&apos;Question:&apos;, &apos;Text:&apos;, &apos;Calculation:&apos;, &apos;Input:&apos;}
	at nl.uva.bromance.listeners.GrammarErrorListener.syntaxError(GrammarErrorListener.java:15)
	at org.antlr.v4.runtime.ProxyErrorListener.syntaxError(ProxyErrorListener.java:65)
	at org.antlr.v4.runtime.Parser.notifyErrorListeners(Parser.java:558)
	at org.antlr.v4.runtime.DefaultErrorStrategy.reportInputMismatch(DefaultErrorStrategy.java:327)
	at org.antlr.v4.runtime.DefaultErrorStrategy.reportError(DefaultErrorStrategy.java:150)
	at nl.uva.bromance.parsers.QLParser.statementBody(QLParser.java:1298)
	at nl.uva.bromance.parsers.QLParser.ifStatement(QLParser.java:1104)
	at nl.uva.bromance.parsers.QLParser.ifSequence(QLParser.java:1035)
	at nl.uva.bromance.parsers.QLParser.formBody(QLParser.java:328)
	at nl.uva.bromance.parsers.QLParser.form(QLParser.java:244)
	at nl.uva.bromance.parsers.QLParser.questionnaireBody(QLParser.java:191)
	at nl.uva.bromance.parsers.QLParser.questionnaire(QLParser.java:140)
	at nl.uva.bromance.grammar.IfSequenceTest.createTree(IfSequenceTest.java:153)
	at nl.uva.bromance.grammar.IfSequenceTest.formContainsIfStatementWithoutBodyContents(IfSequenceTest.java:37)
	at sun.reflect.NativeMethodAccessorImpl.invoke0(Native Method)
	at sun.reflect.NativeMethodAccessorImpl.invoke(NativeMethodAccessorImpl.java:62)
	at sun.reflect.DelegatingMethodAccessorImpl.invoke(DelegatingMethodAccessorImpl.java:43)
	at java.lang.reflect.Method.invoke(Method.java:483)
	at org.junit.runners.model.FrameworkMethod$1.runReflectiveCall(FrameworkMethod.java:50)
	at org.junit.internal.runners.model.ReflectiveCallable.run(ReflectiveCallable.java:12)
	at org.junit.runners.model.FrameworkMethod.invokeExplosively(FrameworkMethod.java:47)
	at org.junit.internal.runners.statements.InvokeMethod.evaluate(InvokeMethod.java:17)
	at org.junit.internal.runners.statements.RunBefores.evaluate(RunBefores.java:26)
	at org.junit.runners.ParentRunner.runLeaf(ParentRunner.java:325)
	at org.junit.runners.BlockJUnit4ClassRunner.runChild(BlockJUnit4ClassRunner.java:78)
	at org.junit.runners.BlockJUnit4ClassRunner.runChild(BlockJUnit4ClassRunner.java:57)
	at org.junit.runners.ParentRunner$3.run(ParentRunner.java:290)
	at org.junit.runners.ParentRunner$1.schedule(ParentRunner.java:71)
	at org.junit.runners.ParentRunner.runChildren(ParentRunner.java:288)
	at org.junit.runners.ParentRunner.access$000(ParentRunner.java:58)
	at org.junit.runners.ParentRunner$2.evaluate(ParentRunner.java:268)
	at org.junit.runners.ParentRunner.run(ParentRunner.java:363)
	at org.apache.maven.surefire.junit4.JUnit4Provider.execute(JUnit4Provider.java:252)
	at org.apache.maven.surefire.junit4.JUnit4Provider.executeTestSet(JUnit4Provider.java:141)
	at org.apache.maven.surefire.junit4.JUnit4Provider.invoke(JUnit4Provider.java:112)
	at sun.reflect.NativeMethodAccessorImpl.invoke0(Native Method)
	at sun.reflect.NativeMethodAccessorImpl.invoke(NativeMethodAccessorImpl.java:62)
	at sun.reflect.DelegatingMethodAccessorImpl.invoke(DelegatingMethodAccessorImpl.java:43)
	at java.lang.reflect.Method.invoke(Method.java:483)
	at org.apache.maven.surefire.util.ReflectionUtils.invokeMethodWithArray(ReflectionUtils.java:189)
	at org.apache.maven.surefire.booter.ProviderFactory$ProviderProxy.invoke(ProviderFactory.java:165)
	at org.apache.maven.surefire.booter.ProviderFactory.invokeProvider(ProviderFactory.java:85)
	at org.apache.maven.surefire.booter.ForkedBooter.runSuitesInProcess(ForkedBooter.java:115)
	at org.apache.maven.surefire.booter.ForkedBooter.main(ForkedBooter.java:75)
</error>
  </testcase>
  <testcase classname="nl.uva.bromance.grammar.IfSequenceTest" name="formContainsIfStatementAndElseIfStatementAndElseStatementWithoutBodyContents" time="0.001">
    <error message="[@9,56:56=&apos;}&apos;,&lt;3&gt;,4:19] SyntaxError @ line: 4:19 mismatched input &apos;}&apos; expecting {&apos;Question:&apos;, &apos;Text:&apos;, &apos;Calculation:&apos;, &apos;Input:&apos;}" type="nl.uva.bromance.listeners.GrammarErrorListener$SyntaxError">nl.uva.bromance.listeners.GrammarErrorListener$SyntaxError: [@9,56:56=&apos;}&apos;,&lt;3&gt;,4:19] SyntaxError @ line: 4:19 mismatched input &apos;}&apos; expecting {&apos;Question:&apos;, &apos;Text:&apos;, &apos;Calculation:&apos;, &apos;Input:&apos;}
	at nl.uva.bromance.listeners.GrammarErrorListener.syntaxError(GrammarErrorListener.java:15)
	at org.antlr.v4.runtime.ProxyErrorListener.syntaxError(ProxyErrorListener.java:65)
	at org.antlr.v4.runtime.Parser.notifyErrorListeners(Parser.java:558)
	at org.antlr.v4.runtime.DefaultErrorStrategy.reportInputMismatch(DefaultErrorStrategy.java:327)
	at org.antlr.v4.runtime.DefaultErrorStrategy.reportError(DefaultErrorStrategy.java:150)
	at nl.uva.bromance.parsers.QLParser.statementBody(QLParser.java:1298)
	at nl.uva.bromance.parsers.QLParser.ifStatement(QLParser.java:1104)
	at nl.uva.bromance.parsers.QLParser.ifSequence(QLParser.java:1035)
	at nl.uva.bromance.parsers.QLParser.formBody(QLParser.java:328)
	at nl.uva.bromance.parsers.QLParser.form(QLParser.java:244)
	at nl.uva.bromance.parsers.QLParser.questionnaireBody(QLParser.java:191)
	at nl.uva.bromance.parsers.QLParser.questionnaire(QLParser.java:140)
	at nl.uva.bromance.grammar.IfSequenceTest.createTree(IfSequenceTest.java:153)
	at nl.uva.bromance.grammar.IfSequenceTest.formContainsIfStatementAndElseIfStatementAndElseStatementWithoutBodyContents(IfSequenceTest.java:138)
	at sun.reflect.NativeMethodAccessorImpl.invoke0(Native Method)
	at sun.reflect.NativeMethodAccessorImpl.invoke(NativeMethodAccessorImpl.java:62)
	at sun.reflect.DelegatingMethodAccessorImpl.invoke(DelegatingMethodAccessorImpl.java:43)
	at java.lang.reflect.Method.invoke(Method.java:483)
	at org.junit.runners.model.FrameworkMethod$1.runReflectiveCall(FrameworkMethod.java:50)
	at org.junit.internal.runners.model.ReflectiveCallable.run(ReflectiveCallable.java:12)
	at org.junit.runners.model.FrameworkMethod.invokeExplosively(FrameworkMethod.java:47)
	at org.junit.internal.runners.statements.InvokeMethod.evaluate(InvokeMethod.java:17)
	at org.junit.internal.runners.statements.RunBefores.evaluate(RunBefores.java:26)
	at org.junit.runners.ParentRunner.runLeaf(ParentRunner.java:325)
	at org.junit.runners.BlockJUnit4ClassRunner.runChild(BlockJUnit4ClassRunner.java:78)
	at org.junit.runners.BlockJUnit4ClassRunner.runChild(BlockJUnit4ClassRunner.java:57)
	at org.junit.runners.ParentRunner$3.run(ParentRunner.java:290)
	at org.junit.runners.ParentRunner$1.schedule(ParentRunner.java:71)
	at org.junit.runners.ParentRunner.runChildren(ParentRunner.java:288)
	at org.junit.runners.ParentRunner.access$000(ParentRunner.java:58)
	at org.junit.runners.ParentRunner$2.evaluate(ParentRunner.java:268)
	at org.junit.runners.ParentRunner.run(ParentRunner.java:363)
	at org.apache.maven.surefire.junit4.JUnit4Provider.execute(JUnit4Provider.java:252)
	at org.apache.maven.surefire.junit4.JUnit4Provider.executeTestSet(JUnit4Provider.java:141)
	at org.apache.maven.surefire.junit4.JUnit4Provider.invoke(JUnit4Provider.java:112)
	at sun.reflect.NativeMethodAccessorImpl.invoke0(Native Method)
	at sun.reflect.NativeMethodAccessorImpl.invoke(NativeMethodAccessorImpl.java:62)
	at sun.reflect.DelegatingMethodAccessorImpl.invoke(DelegatingMethodAccessorImpl.java:43)
	at java.lang.reflect.Method.invoke(Method.java:483)
	at org.apache.maven.surefire.util.ReflectionUtils.invokeMethodWithArray(ReflectionUtils.java:189)
	at org.apache.maven.surefire.booter.ProviderFactory$ProviderProxy.invoke(ProviderFactory.java:165)
	at org.apache.maven.surefire.booter.ProviderFactory.invokeProvider(ProviderFactory.java:85)
	at org.apache.maven.surefire.booter.ForkedBooter.runSuitesInProcess(ForkedBooter.java:115)
	at org.apache.maven.surefire.booter.ForkedBooter.main(ForkedBooter.java:75)
</error>
  </testcase>
  <testcase classname="nl.uva.bromance.grammar.IfSequenceTest" name="elseIfStatementWithoutBodyContents" time="0"/>
</testsuite>